<?xml version="1.0" encoding="UTF-8"?>
<!-- Generated by org.testng.reporters.JUnitReportReporter -->
<testsuite hostname="SulaimanAbd" failures="0" tests="3" name="com.tutorials.qa.testcases.Search" time="8.926" errors="0" timestamp="2025-10-11T21:52:57 IST" skipped="0">
  <testcase classname="com.tutorials.qa.testcases.Search" name="Verify_Search_With_valid_Product" time="2.968"/>
  <testcase classname="com.tutorials.qa.testcases.Search" name="Verify_Search_With_invalid_Product" time="3.040"/>
  <testcase classname="com.tutorials.qa.testcases.Search" name="Verify_Search_Without_any_Product" time="2.918"/>
</testsuite> <!-- com.tutorials.qa.testcases.Search -->
